<?xml version="1.0" encoding="UTF-8"?>
<testsuite xmlns:xsi="http://www.w3.org/2001/XMLSchema-instance" xsi:noNamespaceSchemaLocation="https://maven.apache.org/surefire/maven-surefire-plugin/xsd/surefire-test-report-3.0.xsd" version="3.0" name="cz.habarta.typescript.generator.TaggedUnionsTest" time="0.338" tests="1" errors="0" skipped="0" failures="0">
  <properties>
[...]
</properties>
  <testcase name="testTaggedUnionsWithInterfaces" classname="cz.habarta.typescript.generator.TaggedUnionsTest" time="0.323">
    <system-out><![CDATA[Parsing 'cz.habarta.typescript.generator.TaggedUnionsTest$IShape2'
Parsing 'cz.habarta.typescript.generator.TaggedUnionsTest$CSquare2' used in 'IShape2.<subClass>'
Parsing 'cz.habarta.typescript.generator.TaggedUnionsTest$CRectangle2' used in 'IShape2.<subClass>'
Parsing 'cz.habarta.typescript.generator.TaggedUnionsTest$CCircle2' used in 'IShape2.<subClass>'
Parsing 'cz.habarta.typescript.generator.TaggedUnionsTest$IQuadrilateral2' used in 'CSquare2.<interface>'
]]></system-out>
  </testcase>
</testsuite>